# JRE version: Java(TM) SE Runtime Environment (8.0_161-b12) (build 1.8.0_161-b12)
# Java VM: Java HotSpot(TM) 64-Bit Server VM (25.161-b12 mixed mode windows-amd64 compressed oops)
Heap:
 PSYoungGen      total 188416K, used 149261K [0x000000076b300000, 0x0000000790700000, 0x00000007c0000000)
  eden space 177664K, 84% used [0x000000076b300000,0x00000007744c3758,0x0000000776080000)
  from space 10752K, 0% used [0x0000000776080000,0x0000000776080000,0x0000000776b00000)
  to   space 199680K, 0% used [0x0000000784400000,0x0000000784400000,0x0000000790700000)
 ParOldGen       total 1009152K, used 539432K [0x00000006c1800000, 0x00000006ff180000, 0x000000076b300000)
  object space 1009152K, 53% used [0x00000006c1800000,0x00000006e26ca310,0x00000006ff180000)
 Metaspace       used 7673K, capacity 7843K, committed 8064K, reserved 1056768K
  class space    used 806K, capacity 864K, committed 896K, reserved 1048576K
GC Heap History (10 events):
Event: 3.770 GC heap before
{Heap before GC invocations=4 (full 1):
 PSYoungGen      total 141824K, used 131072K [0x000000076b300000, 0x0000000774800000, 0x00000007c0000000)
  eden space 131072K, 100% used [0x000000076b300000,0x0000000773300000,0x0000000773300000)
  from space 10752K, 0% used [0x0000000773d80000,0x0000000773d80000,0x0000000774800000)
  to   space 10752K, 0% used [0x0000000773300000,0x0000000773300000,0x0000000773d80000)
 ParOldGen       total 298496K, used 119945K [0x00000006c1800000, 0x00000006d3b80000, 0x000000076b300000)
  object space 298496K, 40% used [0x00000006c1800000,0x00000006c8d22730,0x00000006d3b80000)
 Metaspace       used 6995K, capacity 7139K, committed 7296K, reserved 1056768K
  class space    used 739K, capacity 800K, committed 896K, reserved 1048576K
Event: 3.958 GC heap after
Heap after GC invocations=4 (full 1):
 PSYoungGen      total 141824K, used 10752K [0x000000076b300000, 0x0000000777580000, 0x00000007c0000000)
  eden space 131072K, 0% used [0x000000076b300000,0x000000076b300000,0x0000000773300000)
  from space 10752K, 100% used [0x0000000773300000,0x0000000773d80000,0x0000000773d80000)
  to   space 10752K, 0% used [0x0000000776b00000,0x0000000776b00000,0x0000000777580000)
 ParOldGen       total 298496K, used 236841K [0x00000006c1800000, 0x00000006d3b80000, 0x000000076b300000)
  object space 298496K, 79% used [0x00000006c1800000,0x00000006cff4a730,0x00000006d3b80000)
 Metaspace       used 6995K, capacity 7139K, committed 7296K, reserved 1056768K
  class space    used 739K, capacity 800K, committed 896K, reserved 1048576K
}
Event: 3.958 GC heap before
{Heap before GC invocations=5 (full 2):
 PSYoungGen      total 141824K, used 10752K [0x000000076b300000, 0x0000000777580000, 0x00000007c0000000)
  eden space 131072K, 0% used [0x000000076b300000,0x000000076b300000,0x0000000773300000)
  from space 10752K, 100% used [0x0000000773300000,0x0000000773d80000,0x0000000773d80000)
  to   space 10752K, 0% used [0x0000000776b00000,0x0000000776b00000,0x0000000777580000)
 ParOldGen       total 298496K, used 236841K [0x00000006c1800000, 0x00000006d3b80000, 0x000000076b300000)
  object space 298496K, 79% used [0x00000006c1800000,0x00000006cff4a730,0x00000006d3b80000)
 Metaspace       used 6995K, capacity 7139K, committed 7296K, reserved 1056768K
  class space    used 739K, capacity 800K, committed 896K, reserved 1048576K
Event: 5.244 GC heap after
Heap after GC invocations=5 (full 2):
 PSYoungGen      total 141824K, used 0K [0x000000076b300000, 0x0000000777580000, 0x00000007c0000000)
  eden space 131072K, 0% used [0x000000076b300000,0x000000076b300000,0x0000000773300000)
  from space 10752K, 0% used [0x0000000773300000,0x0000000773300000,0x0000000773d80000)
  to   space 10752K, 0% used [0x0000000776b00000,0x0000000776b00000,0x0000000777580000)
 ParOldGen       total 567296K, used 247084K [0x00000006c1800000, 0x00000006e4200000, 0x000000076b300000)
  object space 567296K, 43% used [0x00000006c1800000,0x00000006d094b300,0x00000006e4200000)
 Metaspace       used 6995K, capacity 7139K, committed 7296K, reserved 1056768K
  class space    used 739K, capacity 800K, committed 896K, reserved 1048576K
}
Event: 5.836 GC heap before
{Heap before GC invocations=6 (full 2):
 PSYoungGen      total 141824K, used 131072K [0x000000076b300000, 0x0000000777580000, 0x00000007c0000000)
  eden space 131072K, 100% used [0x000000076b300000,0x0000000773300000,0x0000000773300000)
  from space 10752K, 0% used [0x0000000773300000,0x0000000773300000,0x0000000773d80000)
  to   space 10752K, 0% used [0x0000000776b00000,0x0000000776b00000,0x0000000777580000)
 ParOldGen       total 567296K, used 247084K [0x00000006c1800000, 0x00000006e4200000, 0x000000076b300000)
  object space 567296K, 43% used [0x00000006c1800000,0x00000006d094b300,0x00000006e4200000)
 Metaspace       used 6995K, capacity 7139K, committed 7296K, reserved 1056768K
  class space    used 739K, capacity 800K, committed 896K, reserved 1048576K
Event: 6.053 GC heap after
Heap after GC invocations=6 (full 2):
 PSYoungGen      total 172032K, used 10752K [0x000000076b300000, 0x0000000777580000, 0x00000007c0000000)
  eden space 161280K, 0% used [0x000000076b300000,0x000000076b300000,0x0000000775080000)
  from space 10752K, 100% used [0x0000000776b00000,0x0000000777580000,0x0000000777580000)
  to   space 10752K, 0% used [0x0000000776080000,0x0000000776080000,0x0000000776b00000)
 ParOldGen       total 567296K, used 367916K [0x00000006c1800000, 0x00000006e4200000, 0x000000076b300000)
  object space 567296K, 64% used [0x00000006c1800000,0x00000006d7f4b300,0x00000006e4200000)
 Metaspace       used 6995K, capacity 7139K, committed 7296K, reserved 1056768K
  class space    used 739K, capacity 800K, committed 896K, reserved 1048576K
}
Event: 6.801 GC heap before
{Heap before GC invocations=7 (full 2):
 PSYoungGen      total 172032K, used 172032K [0x000000076b300000, 0x0000000777580000, 0x00000007c0000000)
  eden space 161280K, 100% used [0x000000076b300000,0x0000000775080000,0x0000000775080000)
  from space 10752K, 100% used [0x0000000776b00000,0x0000000777580000,0x0000000777580000)
  to   space 10752K, 0% used [0x0000000776080000,0x0000000776080000,0x0000000776b00000)
 ParOldGen       total 567296K, used 367916K [0x00000006c1800000, 0x00000006e4200000, 0x000000076b300000)
  object space 567296K, 64% used [0x00000006c1800000,0x00000006d7f4b300,0x00000006e4200000)
 Metaspace       used 6995K, capacity 7139K, committed 7296K, reserved 1056768K
  class space    used 739K, capacity 800K, committed 896K, reserved 1048576K
Event: 7.090 GC heap after
Heap after GC invocations=7 (full 2):
 PSYoungGen      total 188416K, used 10752K [0x000000076b300000, 0x0000000790700000, 0x00000007c0000000)
  eden space 177664K, 0% used [0x000000076b300000,0x000000076b300000,0x0000000776080000)
  from space 10752K, 100% used [0x0000000776080000,0x0000000776b00000,0x0000000776b00000)
  to   space 199680K, 0% used [0x0000000784400000,0x0000000784400000,0x0000000790700000)
 ParOldGen       total 567296K, used 529860K [0x00000006c1800000, 0x00000006e4200000, 0x000000076b300000)
  object space 567296K, 93% used [0x00000006c1800000,0x00000006e1d71300,0x00000006e4200000)
 Metaspace       used 6995K, capacity 7139K, committed 7296K, reserved 1056768K
  class space    used 739K, capacity 800K, committed 896K, reserved 1048576K
}
Event: 7.090 GC heap before
{Heap before GC invocations=8 (full 3):
 PSYoungGen      total 188416K, used 10752K [0x000000076b300000, 0x0000000790700000, 0x00000007c0000000)
  eden space 177664K, 0% used [0x000000076b300000,0x000000076b300000,0x0000000776080000)
  from space 10752K, 100% used [0x0000000776080000,0x0000000776b00000,0x0000000776b00000)
  to   space 199680K, 0% used [0x0000000784400000,0x0000000784400000,0x0000000790700000)
 ParOldGen       total 567296K, used 529860K [0x00000006c1800000, 0x00000006e4200000, 0x000000076b300000)
  object space 567296K, 93% used [0x00000006c1800000,0x00000006e1d71300,0x00000006e4200000)
 Metaspace       used 6995K, capacity 7139K, committed 7296K, reserved 1056768K
  class space    used 739K, capacity 800K, committed 896K, reserved 1048576K
Event: 9.729 GC heap after
Heap after GC invocations=8 (full 3):
 PSYoungGen      total 188416K, used 0K [0x000000076b300000, 0x0000000790700000, 0x00000007c0000000)
  eden space 177664K, 0% used [0x000000076b300000,0x000000076b300000,0x0000000776080000)
  from space 10752K, 0% used [0x0000000776080000,0x0000000776080000,0x0000000776b00000)
  to   space 199680K, 0% used [0x0000000784400000,0x0000000784400000,0x0000000790700000)
 ParOldGen       total 1009152K, used 539432K [0x00000006c1800000, 0x00000006ff180000, 0x000000076b300000)
  object space 1009152K, 53% used [0x00000006c1800000,0x00000006e26ca310,0x00000006ff180000)
 Metaspace       used 6995K, capacity 7139K, committed 7296K, reserved 1056768K
  class space    used 739K, capacity 800K, committed 896K, reserved 1048576K
}

