# JRE version: Java(TM) SE Runtime Environment (8.0_161-b12) (build 1.8.0_161-b12)
# Java VM: Java HotSpot(TM) 64-Bit Server VM (25.161-b12 mixed mode windows-amd64 compressed oops)
Heap:
 PSYoungGen      total 219648K, used 145171K [0x000000076b300000, 0x0000000791a00000, 0x00000007c0000000)
  eden space 208896K, 64% used [0x000000076b300000,0x0000000773644f60,0x0000000777f00000)
  from space 10752K, 100% used [0x000000077b300000,0x000000077bd80000,0x000000077bd80000)
  to   space 210432K, 0% used [0x0000000784c80000,0x0000000784c80000,0x0000000791a00000)
 ParOldGen       total 744448K, used 544136K [0x00000006c1800000, 0x00000006eef00000, 0x000000076b300000)
  object space 744448K, 73% used [0x00000006c1800000,0x00000006e2b621f0,0x00000006eef00000)
 Metaspace       used 7674K, capacity 7843K, committed 8064K, reserved 1056768K
  class space    used 806K, capacity 864K, committed 896K, reserved 1048576K
GC Heap History (10 events):
Event: 3.363 GC heap before
{Heap before GC invocations=3 (full 0):
 PSYoungGen      total 141824K, used 141808K [0x000000076b300000, 0x0000000774800000, 0x00000007c0000000)
  eden space 131072K, 100% used [0x000000076b300000,0x0000000773300000,0x0000000773300000)
  from space 10752K, 99% used [0x0000000773d80000,0x00000007747fc010,0x0000000774800000)
  to   space 10752K, 0% used [0x0000000773300000,0x0000000773300000,0x0000000773d80000)
 ParOldGen       total 175104K, used 108237K [0x00000006c1800000, 0x00000006cc300000, 0x000000076b300000)
  object space 175104K, 61% used [0x00000006c1800000,0x00000006c81b35c0,0x00000006cc300000)
 Metaspace       used 6990K, capacity 7139K, committed 7296K, reserved 1056768K
  class space    used 739K, capacity 800K, committed 896K, reserved 1048576K
Event: 3.567 GC heap after
Heap after GC invocations=3 (full 0):
 PSYoungGen      total 141824K, used 10752K [0x000000076b300000, 0x000000077c800000, 0x00000007c0000000)
  eden space 131072K, 0% used [0x000000076b300000,0x000000076b300000,0x0000000773300000)
  from space 10752K, 100% used [0x0000000773300000,0x0000000773d80000,0x0000000773d80000)
  to   space 10752K, 0% used [0x000000077bd80000,0x000000077bd80000,0x000000077c800000)
 ParOldGen       total 240640K, used 239833K [0x00000006c1800000, 0x00000006d0300000, 0x000000076b300000)
  object space 240640K, 99% used [0x00000006c1800000,0x00000006d0236748,0x00000006d0300000)
 Metaspace       used 6990K, capacity 7139K, committed 7296K, reserved 1056768K
  class space    used 739K, capacity 800K, committed 896K, reserved 1048576K
}
Event: 3.567 GC heap before
{Heap before GC invocations=4 (full 1):
 PSYoungGen      total 141824K, used 10752K [0x000000076b300000, 0x000000077c800000, 0x00000007c0000000)
  eden space 131072K, 0% used [0x000000076b300000,0x000000076b300000,0x0000000773300000)
  from space 10752K, 100% used [0x0000000773300000,0x0000000773d80000,0x0000000773d80000)
  to   space 10752K, 0% used [0x000000077bd80000,0x000000077bd80000,0x000000077c800000)
 ParOldGen       total 240640K, used 239833K [0x00000006c1800000, 0x00000006d0300000, 0x000000076b300000)
  object space 240640K, 99% used [0x00000006c1800000,0x00000006d0236748,0x00000006d0300000)
 Metaspace       used 6990K, capacity 7139K, committed 7296K, reserved 1056768K
  class space    used 739K, capacity 800K, committed 896K, reserved 1048576K
Event: 4.624 GC heap after
Heap after GC invocations=4 (full 1):
 PSYoungGen      total 141824K, used 8695K [0x000000076b300000, 0x000000077c800000, 0x00000007c0000000)
  eden space 131072K, 0% used [0x000000076b300000,0x000000076b300000,0x0000000773300000)
  from space 10752K, 80% used [0x0000000773300000,0x0000000773b7dd38,0x0000000773d80000)
  to   space 10752K, 0% used [0x000000077bd80000,0x000000077bd80000,0x000000077c800000)
 ParOldGen       total 490496K, used 240354K [0x00000006c1800000, 0x00000006df700000, 0x000000076b300000)
  object space 490496K, 49% used [0x00000006c1800000,0x00000006d02b8a60,0x00000006df700000)
 Metaspace       used 6990K, capacity 7139K, committed 7296K, reserved 1056768K
  class space    used 739K, capacity 800K, committed 896K, reserved 1048576K
}
Event: 5.212 GC heap before
{Heap before GC invocations=5 (full 1):
 PSYoungGen      total 141824K, used 139767K [0x000000076b300000, 0x000000077c800000, 0x00000007c0000000)
  eden space 131072K, 100% used [0x000000076b300000,0x0000000773300000,0x0000000773300000)
  from space 10752K, 80% used [0x0000000773300000,0x0000000773b7dd38,0x0000000773d80000)
  to   space 10752K, 0% used [0x000000077bd80000,0x000000077bd80000,0x000000077c800000)
 ParOldGen       total 490496K, used 240354K [0x00000006c1800000, 0x00000006df700000, 0x000000076b300000)
  object space 490496K, 49% used [0x00000006c1800000,0x00000006d02b8a60,0x00000006df700000)
 Metaspace       used 6990K, capacity 7139K, committed 7296K, reserved 1056768K
  class space    used 739K, capacity 800K, committed 896K, reserved 1048576K
Event: 5.455 GC heap after
Heap after GC invocations=5 (full 1):
 PSYoungGen      total 184832K, used 10752K [0x000000076b300000, 0x000000077c800000, 0x00000007c0000000)
  eden space 174080K, 0% used [0x000000076b300000,0x000000076b300000,0x0000000775d00000)
  from space 10752K, 100% used [0x000000077bd80000,0x000000077c800000,0x000000077c800000)
  to   space 10752K, 0% used [0x000000077b300000,0x000000077b300000,0x000000077bd80000)
 ParOldGen       total 490496K, used 369922K [0x00000006c1800000, 0x00000006df700000, 0x000000076b300000)
  object space 490496K, 75% used [0x00000006c1800000,0x00000006d8140a60,0x00000006df700000)
 Metaspace       used 6990K, capacity 7139K, committed 7296K, reserved 1056768K
  class space    used 739K, capacity 800K, committed 896K, reserved 1048576K
}
Event: 5.455 GC heap before
{Heap before GC invocations=6 (full 2):
 PSYoungGen      total 184832K, used 10752K [0x000000076b300000, 0x000000077c800000, 0x00000007c0000000)
  eden space 174080K, 0% used [0x000000076b300000,0x000000076b300000,0x0000000775d00000)
  from space 10752K, 100% used [0x000000077bd80000,0x000000077c800000,0x000000077c800000)
  to   space 10752K, 0% used [0x000000077b300000,0x000000077b300000,0x000000077bd80000)
 ParOldGen       total 490496K, used 369922K [0x00000006c1800000, 0x00000006df700000, 0x000000076b300000)
  object space 490496K, 75% used [0x00000006c1800000,0x00000006d8140a60,0x00000006df700000)
 Metaspace       used 6990K, capacity 7139K, committed 7296K, reserved 1056768K
  class space    used 739K, capacity 800K, committed 896K, reserved 1048576K
Event: 6.966 GC heap after
Heap after GC invocations=6 (full 2):
 PSYoungGen      total 184832K, used 0K [0x000000076b300000, 0x000000077c800000, 0x00000007c0000000)
  eden space 174080K, 0% used [0x000000076b300000,0x000000076b300000,0x0000000775d00000)
  from space 10752K, 0% used [0x000000077bd80000,0x000000077bd80000,0x000000077c800000)
  to   space 10752K, 0% used [0x000000077b300000,0x000000077b300000,0x000000077bd80000)
 ParOldGen       total 744448K, used 380120K [0x00000006c1800000, 0x00000006eef00000, 0x000000076b300000)
  object space 744448K, 51% used [0x00000006c1800000,0x00000006d8b361f0,0x00000006eef00000)
 Metaspace       used 6990K, capacity 7139K, committed 7296K, reserved 1056768K
  class space    used 739K, capacity 800K, committed 896K, reserved 1048576K
}
Event: 7.756 GC heap before
{Heap before GC invocations=7 (full 2):
 PSYoungGen      total 184832K, used 174080K [0x000000076b300000, 0x000000077c800000, 0x00000007c0000000)
  eden space 174080K, 100% used [0x000000076b300000,0x0000000775d00000,0x0000000775d00000)
  from space 10752K, 0% used [0x000000077bd80000,0x000000077bd80000,0x000000077c800000)
  to   space 10752K, 0% used [0x000000077b300000,0x000000077b300000,0x000000077bd80000)
 ParOldGen       total 744448K, used 380120K [0x00000006c1800000, 0x00000006eef00000, 0x000000076b300000)
  object space 744448K, 51% used [0x00000006c1800000,0x00000006d8b361f0,0x00000006eef00000)
 Metaspace       used 6990K, capacity 7139K, committed 7296K, reserved 1056768K
  class space    used 739K, capacity 800K, committed 896K, reserved 1048576K
Event: 8.007 GC heap after
Heap after GC invocations=7 (full 2):
 PSYoungGen      total 219648K, used 10752K [0x000000076b300000, 0x0000000791a00000, 0x00000007c0000000)
  eden space 208896K, 0% used [0x000000076b300000,0x000000076b300000,0x0000000777f00000)
  from space 10752K, 100% used [0x000000077b300000,0x000000077bd80000,0x000000077bd80000)
  to   space 210432K, 0% used [0x0000000784c80000,0x0000000784c80000,0x0000000791a00000)
 ParOldGen       total 744448K, used 544136K [0x00000006c1800000, 0x00000006eef00000, 0x000000076b300000)
  object space 744448K, 73% used [0x00000006c1800000,0x00000006e2b621f0,0x00000006eef00000)
 Metaspace       used 6990K, capacity 7139K, committed 7296K, reserved 1056768K
  class space    used 739K, capacity 800K, committed 896K, reserved 1048576K
}

