# JRE version: Java(TM) SE Runtime Environment (8.0_161-b12) (build 1.8.0_161-b12)
# Java VM: Java HotSpot(TM) 64-Bit Server VM (25.161-b12 mixed mode windows-amd64 compressed oops)
Heap:
 PSYoungGen      total 187392K, used 148401K [0x000000076b300000, 0x0000000790580000, 0x00000007c0000000)
  eden space 176640K, 84% used [0x000000076b300000,0x00000007743ec630,0x0000000775f80000)
  from space 10752K, 0% used [0x0000000775f80000,0x0000000775f80000,0x0000000776a00000)
  to   space 199168K, 0% used [0x0000000784300000,0x0000000784300000,0x0000000790580000)
 ParOldGen       total 1010176K, used 538920K [0x00000006c1800000, 0x00000006ff280000, 0x000000076b300000)
  object space 1010176K, 53% used [0x00000006c1800000,0x00000006e264a1c0,0x00000006ff280000)
 Metaspace       used 7672K, capacity 7843K, committed 8064K, reserved 1056768K
  class space    used 806K, capacity 864K, committed 896K, reserved 1048576K
GC Heap History (10 events):
Event: 3.781 GC heap before
{Heap before GC invocations=4 (full 1):
 PSYoungGen      total 141824K, used 131072K [0x000000076b300000, 0x0000000774800000, 0x00000007c0000000)
  eden space 131072K, 100% used [0x000000076b300000,0x0000000773300000,0x0000000773300000)
  from space 10752K, 0% used [0x0000000773d80000,0x0000000773d80000,0x0000000774800000)
  to   space 10752K, 0% used [0x0000000773300000,0x0000000773300000,0x0000000773d80000)
 ParOldGen       total 299008K, used 119945K [0x00000006c1800000, 0x00000006d3c00000, 0x000000076b300000)
  object space 299008K, 40% used [0x00000006c1800000,0x00000006c8d22620,0x00000006d3c00000)
 Metaspace       used 6995K, capacity 7139K, committed 7296K, reserved 1056768K
  class space    used 739K, capacity 800K, committed 896K, reserved 1048576K
Event: 3.975 GC heap after
Heap after GC invocations=4 (full 1):
 PSYoungGen      total 141824K, used 10752K [0x000000076b300000, 0x0000000777480000, 0x00000007c0000000)
  eden space 131072K, 0% used [0x000000076b300000,0x000000076b300000,0x0000000773300000)
  from space 10752K, 100% used [0x0000000773300000,0x0000000773d80000,0x0000000773d80000)
  to   space 10752K, 0% used [0x0000000776a00000,0x0000000776a00000,0x0000000777480000)
 ParOldGen       total 299008K, used 236825K [0x00000006c1800000, 0x00000006d3c00000, 0x000000076b300000)
  object space 299008K, 79% used [0x00000006c1800000,0x00000006cff46620,0x00000006d3c00000)
 Metaspace       used 6995K, capacity 7139K, committed 7296K, reserved 1056768K
  class space    used 739K, capacity 800K, committed 896K, reserved 1048576K
}
Event: 3.975 GC heap before
{Heap before GC invocations=5 (full 2):
 PSYoungGen      total 141824K, used 10752K [0x000000076b300000, 0x0000000777480000, 0x00000007c0000000)
  eden space 131072K, 0% used [0x000000076b300000,0x000000076b300000,0x0000000773300000)
  from space 10752K, 100% used [0x0000000773300000,0x0000000773d80000,0x0000000773d80000)
  to   space 10752K, 0% used [0x0000000776a00000,0x0000000776a00000,0x0000000777480000)
 ParOldGen       total 299008K, used 236825K [0x00000006c1800000, 0x00000006d3c00000, 0x000000076b300000)
  object space 299008K, 79% used [0x00000006c1800000,0x00000006cff46620,0x00000006d3c00000)
 Metaspace       used 6995K, capacity 7139K, committed 7296K, reserved 1056768K
  class space    used 739K, capacity 800K, committed 896K, reserved 1048576K
Event: 5.269 GC heap after
Heap after GC invocations=5 (full 2):
 PSYoungGen      total 141824K, used 0K [0x000000076b300000, 0x0000000777480000, 0x00000007c0000000)
  eden space 131072K, 0% used [0x000000076b300000,0x000000076b300000,0x0000000773300000)
  from space 10752K, 0% used [0x0000000773300000,0x0000000773300000,0x0000000773d80000)
  to   space 10752K, 0% used [0x0000000776a00000,0x0000000776a00000,0x0000000777480000)
 ParOldGen       total 568320K, used 247084K [0x00000006c1800000, 0x00000006e4300000, 0x000000076b300000)
  object space 568320K, 43% used [0x00000006c1800000,0x00000006d094b160,0x00000006e4300000)
 Metaspace       used 6995K, capacity 7139K, committed 7296K, reserved 1056768K
  class space    used 739K, capacity 800K, committed 896K, reserved 1048576K
}
Event: 5.849 GC heap before
{Heap before GC invocations=6 (full 2):
 PSYoungGen      total 141824K, used 131072K [0x000000076b300000, 0x0000000777480000, 0x00000007c0000000)
  eden space 131072K, 100% used [0x000000076b300000,0x0000000773300000,0x0000000773300000)
  from space 10752K, 0% used [0x0000000773300000,0x0000000773300000,0x0000000773d80000)
  to   space 10752K, 0% used [0x0000000776a00000,0x0000000776a00000,0x0000000777480000)
 ParOldGen       total 568320K, used 247084K [0x00000006c1800000, 0x00000006e4300000, 0x000000076b300000)
  object space 568320K, 43% used [0x00000006c1800000,0x00000006d094b160,0x00000006e4300000)
 Metaspace       used 6995K, capacity 7139K, committed 7296K, reserved 1056768K
  class space    used 739K, capacity 800K, committed 896K, reserved 1048576K
Event: 6.048 GC heap after
Heap after GC invocations=6 (full 2):
 PSYoungGen      total 171520K, used 10752K [0x000000076b300000, 0x0000000777480000, 0x00000007c0000000)
  eden space 160768K, 0% used [0x000000076b300000,0x000000076b300000,0x0000000775000000)
  from space 10752K, 100% used [0x0000000776a00000,0x0000000777480000,0x0000000777480000)
  to   space 10752K, 0% used [0x0000000775f80000,0x0000000775f80000,0x0000000776a00000)
 ParOldGen       total 568320K, used 367932K [0x00000006c1800000, 0x00000006e4300000, 0x000000076b300000)
  object space 568320K, 64% used [0x00000006c1800000,0x00000006d7f4f160,0x00000006e4300000)
 Metaspace       used 6995K, capacity 7139K, committed 7296K, reserved 1056768K
  class space    used 739K, capacity 800K, committed 896K, reserved 1048576K
}
Event: 6.771 GC heap before
{Heap before GC invocations=7 (full 2):
 PSYoungGen      total 171520K, used 171520K [0x000000076b300000, 0x0000000777480000, 0x00000007c0000000)
  eden space 160768K, 100% used [0x000000076b300000,0x0000000775000000,0x0000000775000000)
  from space 10752K, 100% used [0x0000000776a00000,0x0000000777480000,0x0000000777480000)
  to   space 10752K, 0% used [0x0000000775f80000,0x0000000775f80000,0x0000000776a00000)
 ParOldGen       total 568320K, used 367932K [0x00000006c1800000, 0x00000006e4300000, 0x000000076b300000)
  object space 568320K, 64% used [0x00000006c1800000,0x00000006d7f4f160,0x00000006e4300000)
 Metaspace       used 6995K, capacity 7139K, committed 7296K, reserved 1056768K
  class space    used 739K, capacity 800K, committed 896K, reserved 1048576K
Event: 7.069 GC heap after
Heap after GC invocations=7 (full 2):
 PSYoungGen      total 187392K, used 10752K [0x000000076b300000, 0x0000000790580000, 0x00000007c0000000)
  eden space 176640K, 0% used [0x000000076b300000,0x000000076b300000,0x0000000775f80000)
  from space 10752K, 100% used [0x0000000775f80000,0x0000000776a00000,0x0000000776a00000)
  to   space 199168K, 0% used [0x0000000784300000,0x0000000784300000,0x0000000790580000)
 ParOldGen       total 568320K, used 529348K [0x00000006c1800000, 0x00000006e4300000, 0x000000076b300000)
  object space 568320K, 93% used [0x00000006c1800000,0x00000006e1cf1160,0x00000006e4300000)
 Metaspace       used 6995K, capacity 7139K, committed 7296K, reserved 1056768K
  class space    used 739K, capacity 800K, committed 896K, reserved 1048576K
}
Event: 7.069 GC heap before
{Heap before GC invocations=8 (full 3):
 PSYoungGen      total 187392K, used 10752K [0x000000076b300000, 0x0000000790580000, 0x00000007c0000000)
  eden space 176640K, 0% used [0x000000076b300000,0x000000076b300000,0x0000000775f80000)
  from space 10752K, 100% used [0x0000000775f80000,0x0000000776a00000,0x0000000776a00000)
  to   space 199168K, 0% used [0x0000000784300000,0x0000000784300000,0x0000000790580000)
 ParOldGen       total 568320K, used 529348K [0x00000006c1800000, 0x00000006e4300000, 0x000000076b300000)
  object space 568320K, 93% used [0x00000006c1800000,0x00000006e1cf1160,0x00000006e4300000)
 Metaspace       used 6995K, capacity 7139K, committed 7296K, reserved 1056768K
  class space    used 739K, capacity 800K, committed 896K, reserved 1048576K
Event: 9.732 GC heap after
Heap after GC invocations=8 (full 3):
 PSYoungGen      total 187392K, used 0K [0x000000076b300000, 0x0000000790580000, 0x00000007c0000000)
  eden space 176640K, 0% used [0x000000076b300000,0x000000076b300000,0x0000000775f80000)
  from space 10752K, 0% used [0x0000000775f80000,0x0000000775f80000,0x0000000776a00000)
  to   space 199168K, 0% used [0x0000000784300000,0x0000000784300000,0x0000000790580000)
 ParOldGen       total 1010176K, used 538920K [0x00000006c1800000, 0x00000006ff280000, 0x000000076b300000)
  object space 1010176K, 53% used [0x00000006c1800000,0x00000006e264a1c0,0x00000006ff280000)
 Metaspace       used 6995K, capacity 7139K, committed 7296K, reserved 1056768K
  class space    used 739K, capacity 800K, committed 896K, reserved 1048576K
}

