# JRE version: Java(TM) SE Runtime Environment (8.0_161-b12) (build 1.8.0_161-b12)
# Java VM: Java HotSpot(TM) 64-Bit Server VM (25.161-b12 mixed mode windows-amd64 compressed oops)
Heap:
 PSYoungGen      total 220672K, used 145830K [0x000000076b300000, 0x0000000791a00000, 0x00000007c0000000)
  eden space 209920K, 64% used [0x000000076b300000,0x00000007736e9bc8,0x0000000778000000)
  from space 10752K, 100% used [0x000000077b300000,0x000000077bd80000,0x000000077bd80000)
  to   space 209920K, 0% used [0x0000000784d00000,0x0000000784d00000,0x0000000791a00000)
 ParOldGen       total 743424K, used 544128K [0x00000006c1800000, 0x00000006eee00000, 0x000000076b300000)
  object space 743424K, 73% used [0x00000006c1800000,0x00000006e2b600e8,0x00000006eee00000)
 Metaspace       used 7674K, capacity 7843K, committed 8064K, reserved 1056768K
  class space    used 806K, capacity 864K, committed 896K, reserved 1048576K
GC Heap History (10 events):
Event: 3.464 GC heap before
{Heap before GC invocations=3 (full 0):
 PSYoungGen      total 141824K, used 141824K [0x000000076b300000, 0x0000000774800000, 0x00000007c0000000)
  eden space 131072K, 100% used [0x000000076b300000,0x0000000773300000,0x0000000773300000)
  from space 10752K, 100% used [0x0000000773d80000,0x0000000774800000,0x0000000774800000)
  to   space 10752K, 0% used [0x0000000773300000,0x0000000773300000,0x0000000773d80000)
 ParOldGen       total 175104K, used 108223K [0x00000006c1800000, 0x00000006cc300000, 0x000000076b300000)
  object space 175104K, 61% used [0x00000006c1800000,0x00000006c81aff40,0x00000006cc300000)
 Metaspace       used 6995K, capacity 7139K, committed 7296K, reserved 1056768K
  class space    used 739K, capacity 800K, committed 896K, reserved 1048576K
Event: 3.669 GC heap after
Heap after GC invocations=3 (full 0):
 PSYoungGen      total 141824K, used 10752K [0x000000076b300000, 0x000000077c800000, 0x00000007c0000000)
  eden space 131072K, 0% used [0x000000076b300000,0x000000076b300000,0x0000000773300000)
  from space 10752K, 100% used [0x0000000773300000,0x0000000773d80000,0x0000000773d80000)
  to   space 10752K, 0% used [0x000000077bd80000,0x000000077bd80000,0x000000077c800000)
 ParOldGen       total 241152K, used 239844K [0x00000006c1800000, 0x00000006d0380000, 0x000000076b300000)
  object space 241152K, 99% used [0x00000006c1800000,0x00000006d02390c8,0x00000006d0380000)
 Metaspace       used 6995K, capacity 7139K, committed 7296K, reserved 1056768K
  class space    used 739K, capacity 800K, committed 896K, reserved 1048576K
}
Event: 3.669 GC heap before
{Heap before GC invocations=4 (full 1):
 PSYoungGen      total 141824K, used 10752K [0x000000076b300000, 0x000000077c800000, 0x00000007c0000000)
  eden space 131072K, 0% used [0x000000076b300000,0x000000076b300000,0x0000000773300000)
  from space 10752K, 100% used [0x0000000773300000,0x0000000773d80000,0x0000000773d80000)
  to   space 10752K, 0% used [0x000000077bd80000,0x000000077bd80000,0x000000077c800000)
 ParOldGen       total 241152K, used 239844K [0x00000006c1800000, 0x00000006d0380000, 0x000000076b300000)
  object space 241152K, 99% used [0x00000006c1800000,0x00000006d02390c8,0x00000006d0380000)
 Metaspace       used 6995K, capacity 7139K, committed 7296K, reserved 1056768K
  class space    used 739K, capacity 800K, committed 896K, reserved 1048576K
Event: 4.717 GC heap after
Heap after GC invocations=4 (full 1):
 PSYoungGen      total 141824K, used 8183K [0x000000076b300000, 0x000000077c800000, 0x00000007c0000000)
  eden space 131072K, 0% used [0x000000076b300000,0x000000076b300000,0x0000000773300000)
  from space 10752K, 76% used [0x0000000773300000,0x0000000773afdec0,0x0000000773d80000)
  to   space 10752K, 0% used [0x000000077bd80000,0x000000077bd80000,0x000000077c800000)
 ParOldGen       total 490496K, used 240865K [0x00000006c1800000, 0x00000006df700000, 0x000000076b300000)
  object space 490496K, 49% used [0x00000006c1800000,0x00000006d03387d0,0x00000006df700000)
 Metaspace       used 6995K, capacity 7139K, committed 7296K, reserved 1056768K
  class space    used 739K, capacity 800K, committed 896K, reserved 1048576K
}
Event: 5.310 GC heap before
{Heap before GC invocations=5 (full 1):
 PSYoungGen      total 141824K, used 139255K [0x000000076b300000, 0x000000077c800000, 0x00000007c0000000)
  eden space 131072K, 100% used [0x000000076b300000,0x0000000773300000,0x0000000773300000)
  from space 10752K, 76% used [0x0000000773300000,0x0000000773afdec0,0x0000000773d80000)
  to   space 10752K, 0% used [0x000000077bd80000,0x000000077bd80000,0x000000077c800000)
 ParOldGen       total 490496K, used 240865K [0x00000006c1800000, 0x00000006df700000, 0x000000076b300000)
  object space 490496K, 49% used [0x00000006c1800000,0x00000006d03387d0,0x00000006df700000)
 Metaspace       used 6995K, capacity 7139K, committed 7296K, reserved 1056768K
  class space    used 739K, capacity 800K, committed 896K, reserved 1048576K
Event: 5.524 GC heap after
Heap after GC invocations=5 (full 1):
 PSYoungGen      total 184832K, used 10752K [0x000000076b300000, 0x000000077c800000, 0x00000007c0000000)
  eden space 174080K, 0% used [0x000000076b300000,0x000000076b300000,0x0000000775d00000)
  from space 10752K, 100% used [0x000000077bd80000,0x000000077c800000,0x000000077c800000)
  to   space 10752K, 0% used [0x000000077b300000,0x000000077b300000,0x000000077bd80000)
 ParOldGen       total 490496K, used 369913K [0x00000006c1800000, 0x00000006df700000, 0x000000076b300000)
  object space 490496K, 75% used [0x00000006c1800000,0x00000006d813e7d0,0x00000006df700000)
 Metaspace       used 6995K, capacity 7139K, committed 7296K, reserved 1056768K
  class space    used 739K, capacity 800K, committed 896K, reserved 1048576K
}
Event: 5.524 GC heap before
{Heap before GC invocations=6 (full 2):
 PSYoungGen      total 184832K, used 10752K [0x000000076b300000, 0x000000077c800000, 0x00000007c0000000)
  eden space 174080K, 0% used [0x000000076b300000,0x000000076b300000,0x0000000775d00000)
  from space 10752K, 100% used [0x000000077bd80000,0x000000077c800000,0x000000077c800000)
  to   space 10752K, 0% used [0x000000077b300000,0x000000077b300000,0x000000077bd80000)
 ParOldGen       total 490496K, used 369913K [0x00000006c1800000, 0x00000006df700000, 0x000000076b300000)
  object space 490496K, 75% used [0x00000006c1800000,0x00000006d813e7d0,0x00000006df700000)
 Metaspace       used 6995K, capacity 7139K, committed 7296K, reserved 1056768K
  class space    used 739K, capacity 800K, committed 896K, reserved 1048576K
Event: 6.976 GC heap after
Heap after GC invocations=6 (full 2):
 PSYoungGen      total 184832K, used 0K [0x000000076b300000, 0x000000077c800000, 0x00000007c0000000)
  eden space 174080K, 0% used [0x000000076b300000,0x000000076b300000,0x0000000775d00000)
  from space 10752K, 0% used [0x000000077bd80000,0x000000077bd80000,0x000000077c800000)
  to   space 10752K, 0% used [0x000000077b300000,0x000000077b300000,0x000000077bd80000)
 ParOldGen       total 743424K, used 380120K [0x00000006c1800000, 0x00000006eee00000, 0x000000076b300000)
  object space 743424K, 51% used [0x00000006c1800000,0x00000006d8b360e8,0x00000006eee00000)
 Metaspace       used 6995K, capacity 7139K, committed 7296K, reserved 1056768K
  class space    used 739K, capacity 800K, committed 896K, reserved 1048576K
}
Event: 7.747 GC heap before
{Heap before GC invocations=7 (full 2):
 PSYoungGen      total 184832K, used 174080K [0x000000076b300000, 0x000000077c800000, 0x00000007c0000000)
  eden space 174080K, 100% used [0x000000076b300000,0x0000000775d00000,0x0000000775d00000)
  from space 10752K, 0% used [0x000000077bd80000,0x000000077bd80000,0x000000077c800000)
  to   space 10752K, 0% used [0x000000077b300000,0x000000077b300000,0x000000077bd80000)
 ParOldGen       total 743424K, used 380120K [0x00000006c1800000, 0x00000006eee00000, 0x000000076b300000)
  object space 743424K, 51% used [0x00000006c1800000,0x00000006d8b360e8,0x00000006eee00000)
 Metaspace       used 6995K, capacity 7139K, committed 7296K, reserved 1056768K
  class space    used 739K, capacity 800K, committed 896K, reserved 1048576K
Event: 8.048 GC heap after
Heap after GC invocations=7 (full 2):
 PSYoungGen      total 220672K, used 10752K [0x000000076b300000, 0x0000000791a00000, 0x00000007c0000000)
  eden space 209920K, 0% used [0x000000076b300000,0x000000076b300000,0x0000000778000000)
  from space 10752K, 100% used [0x000000077b300000,0x000000077bd80000,0x000000077bd80000)
  to   space 209920K, 0% used [0x0000000784d00000,0x0000000784d00000,0x0000000791a00000)
 ParOldGen       total 743424K, used 544128K [0x00000006c1800000, 0x00000006eee00000, 0x000000076b300000)
  object space 743424K, 73% used [0x00000006c1800000,0x00000006e2b600e8,0x00000006eee00000)
 Metaspace       used 6995K, capacity 7139K, committed 7296K, reserved 1056768K
  class space    used 739K, capacity 800K, committed 896K, reserved 1048576K
}

